#0 building with "default" instance using docker driver

#1 [internal] load build definition from Dockerfile
#1 transferring dockerfile: 468B done
#1 DONE 0.0s

#2 [internal] load metadata for docker.io/library/python:3.10-slim
#2 DONE 0.4s

#3 [internal] load .dockerignore
#3 transferring context: 45B done
#3 DONE 0.0s

#4 [1/5] FROM docker.io/library/python:3.10-slim@sha256:034724ef64585eeb0e82385e9aabcbeabfe5f7cae2c2dcedb1da95114372b6d7
#4 DONE 0.0s

#5 [internal] load build context
#5 transferring context: 652.83kB 0.2s done
#5 DONE 0.2s

#6 [2/5] WORKDIR /app
#6 CACHED

#7 [3/5] COPY requirements.txt .
#7 CACHED

#8 [4/5] COPY . .
#8 DONE 1.7s

#9 [5/5] RUN pip install --no-cache-dir -r requirements.txt
#9 2.062 Collecting aiohappyeyeballs==2.6.0
#9 2.205   Downloading aiohappyeyeballs-2.6.0-py3-none-any.whl (15 kB)
#9 3.327 Collecting aiohttp==3.11.13
#9 3.350   Downloading aiohttp-3.11.13-cp310-cp310-manylinux_2_17_x86_64.manylinux2014_x86_64.whl (1.6 MB)
#9 3.504      ━━━━━━━━━━━━━━━━━━━━━━━━━━━━━━━━━━━━━━━━ 1.6/1.6 MB 10.5 MB/s eta 0:00:00
#9 3.538 Collecting aiosignal==1.3.2
#9 3.560   Downloading aiosignal-1.3.2-py2.py3-none-any.whl (7.6 kB)
#9 3.589 Collecting annotated-types==0.7.0
#9 3.610   Downloading annotated_types-0.7.0-py3-none-any.whl (13 kB)
#9 3.657 Collecting anyio==4.8.0
#9 3.678   Downloading anyio-4.8.0-py3-none-any.whl (96 kB)
#9 3.684      ━━━━━━━━━━━━━━━━━━━━━━━━━━━━━━━━━━━━━━━━ 96.0/96.0 kB 23.4 MB/s eta 0:00:00
#9 3.721 Collecting async-timeout==5.0.1
#9 3.742   Downloading async_timeout-5.0.1-py3-none-any.whl (6.2 kB)
#9 3.775 Collecting asyncio==3.4.3
#9 3.795   Downloading asyncio-3.4.3-py3-none-any.whl (101 kB)
#9 3.801      ━━━━━━━━━━━━━━━━━━━━━━━━━━━━━━━━━━━━━━ 101.8/101.8 kB 27.2 MB/s eta 0:00:00
#9 3.841 Collecting attrs==25.1.0
#9 3.863   Downloading attrs-25.1.0-py3-none-any.whl (63 kB)
#9 3.866      ━━━━━━━━━━━━━━━━━━━━━━━━━━━━━━━━━━━━━━━━ 63.2/63.2 kB 42.5 MB/s eta 0:00:00
#9 4.310 Collecting bitarray==3.1.1
#9 4.330   Downloading bitarray-3.1.1-cp310-cp310-manylinux_2_17_x86_64.manylinux2014_x86_64.whl (294 kB)
#9 4.348      ━━━━━━━━━━━━━━━━━━━━━━━━━━━━━━━━━━━━━━ 294.2/294.2 kB 17.3 MB/s eta 0:00:00
#9 4.394 Collecting certifi==2025.1.31
#9 4.415   Downloading certifi-2025.1.31-py3-none-any.whl (166 kB)
#9 4.424      ━━━━━━━━━━━━━━━━━━━━━━━━━━━━━━━━━━━━━━ 166.4/166.4 kB 25.8 MB/s eta 0:00:00
#9 4.585 Collecting charset-normalizer==3.4.1
#9 4.606   Downloading charset_normalizer-3.4.1-cp310-cp310-manylinux_2_17_x86_64.manylinux2014_x86_64.whl (146 kB)
#9 4.614      ━━━━━━━━━━━━━━━━━━━━━━━━━━━━━━━━━━━━━━ 146.1/146.1 kB 24.4 MB/s eta 0:00:00
#9 4.720 Collecting ckzg==2.0.1
#9 4.742   Downloading ckzg-2.0.1-cp310-cp310-manylinux_2_17_x86_64.manylinux2014_x86_64.whl (168 kB)
#9 4.751      ━━━━━━━━━━━━━━━━━━━━━━━━━━━━━━━━━━━━━━ 168.9/168.9 kB 21.3 MB/s eta 0:00:00
#9 4.795 Collecting click==8.1.8
#9 4.815   Downloading click-8.1.8-py3-none-any.whl (98 kB)
#9 4.820      ━━━━━━━━━━━━━━━━━━━━━━━━━━━━━━━━━━━━━━━━ 98.2/98.2 kB 38.0 MB/s eta 0:00:00
#9 5.227 Collecting cryptography==43.0.1
#9 5.249   Downloading cryptography-43.0.1-cp39-abi3-manylinux_2_28_x86_64.whl (4.0 MB)
#9 5.929      ━━━━━━━━━━━━━━━━━━━━━━━━━━━━━━━━━━━━━━━━ 4.0/4.0 MB 5.9 MB/s eta 0:00:00
#9 6.039 Collecting cytoolz==1.0.1
#9 6.065   Downloading cytoolz-1.0.1-cp310-cp310-manylinux_2_17_x86_64.manylinux2014_x86_64.whl (2.0 MB)
#9 6.225      ━━━━━━━━━━━━━━━━━━━━━━━━━━━━━━━━━━━━━━━━ 2.0/2.0 MB 12.4 MB/s eta 0:00:00
#9 6.265 Collecting dnspython==2.7.0
#9 6.286   Downloading dnspython-2.7.0-py3-none-any.whl (313 kB)
#9 6.308      ━━━━━━━━━━━━━━━━━━━━━━━━━━━━━━━━━━━━━━ 313.6/313.6 kB 16.6 MB/s eta 0:00:00
#9 6.345 Collecting dstack-sdk==0.2.1
#9 6.368   Downloading dstack_sdk-0.2.1-py3-none-any.whl (7.4 kB)
#9 6.409 Collecting email_validator==2.2.0
#9 6.430   Downloading email_validator-2.2.0-py3-none-any.whl (33 kB)
#9 6.478 Collecting eth-account==0.13.5
#9 6.499   Downloading eth_account-0.13.5-py3-none-any.whl (580 kB)
#9 6.537      ━━━━━━━━━━━━━━━━━━━━━━━━━━━━━━━━━━━━━━ 580.7/580.7 kB 16.1 MB/s eta 0:00:00
#9 6.579 Collecting eth-hash==0.7.1
#9 6.601   Downloading eth_hash-0.7.1-py3-none-any.whl (8.0 kB)
#9 6.634 Collecting eth-keyfile==0.8.1
#9 6.655   Downloading eth_keyfile-0.8.1-py3-none-any.whl (7.5 kB)
#9 6.691 Collecting eth-keys==0.6.1
#9 6.711   Downloading eth_keys-0.6.1-py3-none-any.whl (21 kB)
#9 6.746 Collecting eth-rlp==2.2.0
#9 6.767   Downloading eth_rlp-2.2.0-py3-none-any.whl (4.4 kB)
#9 6.813 Collecting eth-typing==5.2.0
#9 6.835   Downloading eth_typing-5.2.0-py3-none-any.whl (19 kB)
#9 6.887 Collecting eth-utils==5.2.0
#9 6.909   Downloading eth_utils-5.2.0-py3-none-any.whl (100 kB)
#9 6.913      ━━━━━━━━━━━━━━━━━━━━━━━━━━━━━━━━━━━━━━ 100.5/100.5 kB 49.7 MB/s eta 0:00:00
#9 6.953 Collecting eth_abi==5.2.0
#9 6.977   Downloading eth_abi-5.2.0-py3-none-any.whl (28 kB)
#9 7.014 Collecting exceptiongroup==1.2.2
#9 7.035   Downloading exceptiongroup-1.2.2-py3-none-any.whl (16 kB)
#9 7.134 Collecting fastapi==0.115.8
#9 7.154   Downloading fastapi-0.115.8-py3-none-any.whl (94 kB)
#9 7.159      ━━━━━━━━━━━━━━━━━━━━━━━━━━━━━━━━━━━━━━━━ 94.8/94.8 kB 31.0 MB/s eta 0:00:00
#9 7.193 Collecting fastapi-cli==0.0.7
#9 7.215   Downloading fastapi_cli-0.0.7-py3-none-any.whl (10 kB)
#9 7.358 Collecting frozenlist==1.5.0
#9 7.380   Downloading frozenlist-1.5.0-cp310-cp310-manylinux_2_5_x86_64.manylinux1_x86_64.manylinux_2_17_x86_64.manylinux2014_x86_64.whl (241 kB)
#9 7.396      ━━━━━━━━━━━━━━━━━━━━━━━━━━━━━━━━━━━━━━ 241.9/241.9 kB 17.0 MB/s eta 0:00:00
#9 7.434 Collecting h11==0.16.0
#9 7.455   Downloading h11-0.16.0-py3-none-any.whl (37 kB)
#9 7.496 Collecting hexbytes==1.3.0
#9 7.519   Downloading hexbytes-1.3.0-py3-none-any.whl (4.9 kB)
#9 7.570 Collecting httpcore==1.0.9
#9 7.590   Downloading httpcore-1.0.9-py3-none-any.whl (78 kB)
#9 7.594      ━━━━━━━━━━━━━━━━━━━━━━━━━━━━━━━━━━━━━━━━ 78.8/78.8 kB 30.6 MB/s eta 0:00:00
#9 7.667 Collecting httptools==0.6.4
#9 7.688   Downloading httptools-0.6.4-cp310-cp310-manylinux_2_5_x86_64.manylinux1_x86_64.manylinux_2_17_x86_64.manylinux2014_x86_64.whl (442 kB)
#9 7.714      ━━━━━━━━━━━━━━━━━━━━━━━━━━━━━━━━━━━━━━ 442.1/442.1 kB 18.5 MB/s eta 0:00:00
#9 7.764 Collecting httpx==0.28.1
#9 7.784   Downloading httpx-0.28.1-py3-none-any.whl (73 kB)
#9 7.788      ━━━━━━━━━━━━━━━━━━━━━━━━━━━━━━━━━━━━━━━━ 73.5/73.5 kB 33.3 MB/s eta 0:00:00
#9 7.821 Collecting idna==3.10
#9 7.843   Downloading idna-3.10-py3-none-any.whl (70 kB)
#9 7.846      ━━━━━━━━━━━━━━━━━━━━━━━━━━━━━━━━━━━━━━━━ 70.4/70.4 kB 53.7 MB/s eta 0:00:00
#9 7.888 Collecting Jinja2==3.1.6
#9 7.907   Downloading jinja2-3.1.6-py3-none-any.whl (134 kB)
#9 7.914      ━━━━━━━━━━━━━━━━━━━━━━━━━━━━━━━━━━━━━━ 134.9/134.9 kB 26.7 MB/s eta 0:00:00
#9 7.944 Collecting jsonalias==0.1.1
#9 7.966   Downloading jsonalias-0.1.1-py3-none-any.whl (1.3 kB)
#9 8.062 Collecting markdown-it-py==3.0.0
#9 8.082   Downloading markdown_it_py-3.0.0-py3-none-any.whl (87 kB)
#9 8.086      ━━━━━━━━━━━━━━━━━━━━━━━━━━━━━━━━━━━━━━━━ 87.5/87.5 kB 52.8 MB/s eta 0:00:00
#9 8.199 Collecting MarkupSafe==3.0.2
#9 8.222   Downloading MarkupSafe-3.0.2-cp310-cp310-manylinux_2_17_x86_64.manylinux2014_x86_64.whl (20 kB)
#9 8.253 Collecting mdurl==0.1.2
#9 8.273   Downloading mdurl-0.1.2-py3-none-any.whl (10.0 kB)
#9 8.719 Collecting multidict==6.1.0
#9 8.740   Downloading multidict-6.1.0-cp310-cp310-manylinux_2_17_x86_64.manylinux2014_x86_64.whl (124 kB)
#9 8.748      ━━━━━━━━━━━━━━━━━━━━━━━━━━━━━━━━━━━━━━ 124.6/124.6 kB 20.8 MB/s eta 0:00:00
#9 8.781 Collecting parsimonious==0.10.0
#9 8.801   Downloading parsimonious-0.10.0-py3-none-any.whl (48 kB)
#9 8.804      ━━━━━━━━━━━━━━━━━━━━━━━━━━━━━━━━━━━━━━━ 48.4/48.4 kB 209.6 MB/s eta 0:00:00
#9 8.904 Collecting propcache==0.3.0
#9 8.925   Downloading propcache-0.3.0-cp310-cp310-manylinux_2_17_x86_64.manylinux2014_x86_64.whl (205 kB)
#9 8.937      ━━━━━━━━━━━━━━━━━━━━━━━━━━━━━━━━━━━━━━ 205.4/205.4 kB 22.6 MB/s eta 0:00:00
#9 9.126 Collecting pycryptodome==3.21.0
#9 9.148   Downloading pycryptodome-3.21.0-cp36-abi3-manylinux_2_17_x86_64.manylinux2014_x86_64.whl (2.3 MB)
#9 9.299      ━━━━━━━━━━━━━━━━━━━━━━━━━━━━━━━━━━━━━━━━ 2.3/2.3 MB 15.1 MB/s eta 0:00:00
#9 9.542 Collecting pydantic==2.10.6
#9 9.562   Downloading pydantic-2.10.6-py3-none-any.whl (431 kB)
#9 9.589      ━━━━━━━━━━━━━━━━━━━━━━━━━━━━━━━━━━━━━━ 431.7/431.7 kB 17.2 MB/s eta 0:00:00
#9 11.03 Collecting pydantic_core==2.27.2
#9 11.05   Downloading pydantic_core-2.27.2-cp310-cp310-manylinux_2_17_x86_64.manylinux2014_x86_64.whl (2.0 MB)
#9 11.19      ━━━━━━━━━━━━━━━━━━━━━━━━━━━━━━━━━━━━━━━━ 2.0/2.0 MB 14.9 MB/s eta 0:00:00
#9 11.24 Collecting Pygments==2.19.1
#9 11.26   Downloading pygments-2.19.1-py3-none-any.whl (1.2 MB)
#9 11.34      ━━━━━━━━━━━━━━━━━━━━━━━━━━━━━━━━━━━━━━━━ 1.2/1.2 MB 15.6 MB/s eta 0:00:00
#9 11.39 Collecting python-dotenv==1.0.1
#9 11.41   Downloading python_dotenv-1.0.1-py3-none-any.whl (19 kB)
#9 11.45 Collecting python-multipart==0.0.20
#9 11.47   Downloading python_multipart-0.0.20-py3-none-any.whl (24 kB)
#9 11.50 Collecting pyunormalize==16.0.0
#9 11.52   Downloading pyunormalize-16.0.0-py3-none-any.whl (49 kB)
#9 11.52      ━━━━━━━━━━━━━━━━━━━━━━━━━━━━━━━━━━━━━━━ 49.2/49.2 kB 175.1 MB/s eta 0:00:00
#9 11.61 Collecting PyYAML==6.0.2
#9 11.63   Downloading PyYAML-6.0.2-cp310-cp310-manylinux_2_17_x86_64.manylinux2014_x86_64.whl (751 kB)
#9 11.67      ━━━━━━━━━━━━━━━━━━━━━━━━━━━━━━━━━━━━━━ 751.2/751.2 kB 19.0 MB/s eta 0:00:00
#9 12.63 Collecting regex==2024.11.6
#9 12.65   Downloading regex-2024.11.6-cp310-cp310-manylinux_2_17_x86_64.manylinux2014_x86_64.whl (781 kB)
#9 12.69      ━━━━━━━━━━━━━━━━━━━━━━━━━━━━━━━━━━━━━━ 781.7/781.7 kB 17.6 MB/s eta 0:00:00
#9 12.75 Collecting requests==2.32.3
#9 12.77   Downloading requests-2.32.3-py3-none-any.whl (64 kB)
#9 12.77      ━━━━━━━━━━━━━━━━━━━━━━━━━━━━━━━━━━━━━━━━ 64.9/64.9 kB 62.8 MB/s eta 0:00:00
#9 12.87 Collecting rich==13.9.4
#9 12.89   Downloading rich-13.9.4-py3-none-any.whl (242 kB)
#9 12.90      ━━━━━━━━━━━━━━━━━━━━━━━━━━━━━━━━━━━━━━ 242.4/242.4 kB 20.5 MB/s eta 0:00:00
#9 12.94 Collecting rich-toolkit==0.13.2
#9 12.96   Downloading rich_toolkit-0.13.2-py3-none-any.whl (13 kB)
#9 13.08 Collecting rlp==4.1.0
#9 13.10   Downloading rlp-4.1.0-py3-none-any.whl (19 kB)
#9 13.14 Collecting shellingham==1.5.4
#9 13.16   Downloading shellingham-1.5.4-py2.py3-none-any.whl (9.8 kB)
#9 13.19 Collecting sniffio==1.3.1
#9 13.21   Downloading sniffio-1.3.1-py3-none-any.whl (10 kB)
#9 13.30 Collecting solders==0.26.0
#9 13.32   Downloading solders-0.26.0-cp37-abi3-manylinux_2_17_x86_64.manylinux2014_x86_64.whl (13.5 MB)
#9 14.26      ━━━━━━━━━━━━━━━━━━━━━━━━━━━━━━━━━━━━━━━━ 13.5/13.5 MB 14.5 MB/s eta 0:00:00
#9 14.33 Collecting starlette==0.45.3
#9 14.35   Downloading starlette-0.45.3-py3-none-any.whl (71 kB)
#9 14.36      ━━━━━━━━━━━━━━━━━━━━━━━━━━━━━━━━━━━━━━━━ 71.5/71.5 kB 25.4 MB/s eta 0:00:00
#9 14.39 Collecting toolz==1.0.0
#9 14.42   Downloading toolz-1.0.0-py3-none-any.whl (56 kB)
#9 14.42      ━━━━━━━━━━━━━━━━━━━━━━━━━━━━━━━━━━━━━━━━ 56.4/56.4 kB 92.2 MB/s eta 0:00:00
#9 14.47 Collecting typer==0.15.1
#9 14.49   Downloading typer-0.15.1-py3-none-any.whl (44 kB)
#9 14.49      ━━━━━━━━━━━━━━━━━━━━━━━━━━━━━━━━━━━━━━━━ 44.9/44.9 kB 16.2 MB/s eta 0:00:00
#9 14.55 Collecting types-requests==2.32.0.20250306
#9 14.58   Downloading types_requests-2.32.0.20250306-py3-none-any.whl (20 kB)
#9 14.62 Collecting typing_extensions==4.12.2
#9 14.64   Downloading typing_extensions-4.12.2-py3-none-any.whl (37 kB)
#9 14.71 Collecting urllib3==2.3.0
#9 14.73   Downloading urllib3-2.3.0-py3-none-any.whl (128 kB)
#9 14.74      ━━━━━━━━━━━━━━━━━━━━━━━━━━━━━━━━━━━━━━ 128.4/128.4 kB 25.0 MB/s eta 0:00:00
#9 14.79 Collecting uvicorn==0.34.0
#9 14.82   Downloading uvicorn-0.34.0-py3-none-any.whl (62 kB)
#9 14.82      ━━━━━━━━━━━━━━━━━━━━━━━━━━━━━━━━━━━━━━━ 62.3/62.3 kB 179.9 MB/s eta 0:00:00
#9 14.91 Collecting uvloop==0.21.0
#9 14.93   Downloading uvloop-0.21.0-cp310-cp310-manylinux_2_17_x86_64.manylinux2014_x86_64.whl (3.8 MB)
#9 15.23      ━━━━━━━━━━━━━━━━━━━━━━━━━━━━━━━━━━━━━━━━ 3.8/3.8 MB 12.7 MB/s eta 0:00:00
#9 15.48 Collecting watchfiles==1.0.4
#9 15.50   Downloading watchfiles-1.0.4-cp310-cp310-manylinux_2_17_x86_64.manylinux2014_x86_64.whl (452 kB)
#9 15.54      ━━━━━━━━━━━━━━━━━━━━━━━━━━━━━━━━━━━━━━ 452.9/452.9 kB 14.2 MB/s eta 0:00:00
#9 15.64 Collecting web3==7.8.0
#9 15.66   Downloading web3-7.8.0-py3-none-any.whl (1.4 MB)
#9 15.77      ━━━━━━━━━━━━━━━━━━━━━━━━━━━━━━━━━━━━━━━━ 1.4/1.4 MB 12.8 MB/s eta 0:00:00
#9 15.97 Collecting websockets==13.1
#9 15.99   Downloading websockets-13.1-cp310-cp310-manylinux_2_5_x86_64.manylinux1_x86_64.manylinux_2_17_x86_64.manylinux2014_x86_64.whl (164 kB)
#9 16.01      ━━━━━━━━━━━━━━━━━━━━━━━━━━━━━━━━━━━━━━ 164.1/164.1 kB 17.5 MB/s eta 0:00:00
#9 16.54 Collecting yarl==1.18.3
#9 16.56   Downloading yarl-1.18.3-cp310-cp310-manylinux_2_17_x86_64.manylinux2014_x86_64.whl (319 kB)
#9 16.58      ━━━━━━━━━━━━━━━━━━━━━━━━━━━━━━━━━━━━━━ 319.7/319.7 kB 16.0 MB/s eta 0:00:00
#9 16.91 Collecting cffi>=1.12
#9 16.93   Downloading cffi-1.17.1-cp310-cp310-manylinux_2_17_x86_64.manylinux2014_x86_64.whl (446 kB)
#9 16.97      ━━━━━━━━━━━━━━━━━━━━━━━━━━━━━━━━━━━━━━ 446.2/446.2 kB 14.4 MB/s eta 0:00:00
#9 17.28 Collecting uvicorn[standard]>=0.15.0
#9 17.30   Downloading uvicorn-0.34.3-py3-none-any.whl (62 kB)
#9 17.31      ━━━━━━━━━━━━━━━━━━━━━━━━━━━━━━━━━━━━━━━━ 62.4/62.4 kB 93.9 MB/s eta 0:00:00
#9 17.90 Collecting pycparser
#9 17.92   Downloading pycparser-2.22-py3-none-any.whl (117 kB)
#9 17.93      ━━━━━━━━━━━━━━━━━━━━━━━━━━━━━━━━━━━━━━ 117.6/117.6 kB 23.1 MB/s eta 0:00:00
#9 17.96 Collecting uvicorn[standard]>=0.15.0
#9 17.98   Downloading uvicorn-0.34.2-py3-none-any.whl (62 kB)
#9 17.98      ━━━━━━━━━━━━━━━━━━━━━━━━━━━━━━━━━━━━━━━ 62.5/62.5 kB 151.2 MB/s eta 0:00:00
#9 18.02   Downloading uvicorn-0.34.1-py3-none-any.whl (62 kB)
#9 18.03      ━━━━━━━━━━━━━━━━━━━━━━━━━━━━━━━━━━━━━━━━ 62.4/62.4 kB 97.8 MB/s eta 0:00:00
#9 18.07 WARNING: The candidate selected for download or install is a yanked version: 'aiohttp' candidate (version 3.11.13 at https://files.pythonhosted.org/packages/fa/9e/d0bbdc82236c3fe43b28b3338a13ef9b697b0f7a875b33b950b975cab1f6/aiohttp-3.11.13-cp310-cp310-manylinux_2_17_x86_64.manylinux2014_x86_64.whl (from https://pypi.org/simple/aiohttp/) (requires-python:>=3.9))
#9 18.07 Reason for being yanked: Regression: https://github.com/aio-libs/aiohttp/issues/10617
#9 18.60 Installing collected packages: ckzg, bitarray, asyncio, websockets, uvloop, urllib3, typing_extensions, toolz, sniffio, shellingham, regex, PyYAML, pyunormalize, python-multipart, python-dotenv, Pygments, pycryptodome, pycparser, propcache, mdurl, MarkupSafe, jsonalias, idna, httptools, hexbytes, h11, frozenlist, exceptiongroup, eth-hash, dnspython, click, charset-normalizer, certifi, attrs, async-timeout, annotated-types, aiohappyeyeballs, uvicorn, types-requests, solders, requests, pydantic_core, parsimonious, multidict, markdown-it-py, Jinja2, httpcore, eth-typing, email_validator, cytoolz, cffi, anyio, aiosignal, yarl, watchfiles, starlette, rich, pydantic, httpx, eth-utils, cryptography, typer, rlp, rich-toolkit, fastapi, eth-keys, eth_abi, dstack-sdk, aiohttp, fastapi-cli, eth-rlp, eth-keyfile, eth-account, web3
#9 22.62 Successfully installed Jinja2-3.1.6 MarkupSafe-3.0.2 PyYAML-6.0.2 Pygments-2.19.1 aiohappyeyeballs-2.6.0 aiohttp-3.11.13 aiosignal-1.3.2 annotated-types-0.7.0 anyio-4.8.0 async-timeout-5.0.1 asyncio-3.4.3 attrs-25.1.0 bitarray-3.1.1 certifi-2025.1.31 cffi-1.17.1 charset-normalizer-3.4.1 ckzg-2.0.1 click-8.1.8 cryptography-43.0.1 cytoolz-1.0.1 dnspython-2.7.0 dstack-sdk-0.2.1 email_validator-2.2.0 eth-account-0.13.5 eth-hash-0.7.1 eth-keyfile-0.8.1 eth-keys-0.6.1 eth-rlp-2.2.0 eth-typing-5.2.0 eth-utils-5.2.0 eth_abi-5.2.0 exceptiongroup-1.2.2 fastapi-0.115.8 fastapi-cli-0.0.7 frozenlist-1.5.0 h11-0.16.0 hexbytes-1.3.0 httpcore-1.0.9 httptools-0.6.4 httpx-0.28.1 idna-3.10 jsonalias-0.1.1 markdown-it-py-3.0.0 mdurl-0.1.2 multidict-6.1.0 parsimonious-0.10.0 propcache-0.3.0 pycparser-2.22 pycryptodome-3.21.0 pydantic-2.10.6 pydantic_core-2.27.2 python-dotenv-1.0.1 python-multipart-0.0.20 pyunormalize-16.0.0 regex-2024.11.6 requests-2.32.3 rich-13.9.4 rich-toolkit-0.13.2 rlp-4.1.0 shellingham-1.5.4 sniffio-1.3.1 solders-0.26.0 starlette-0.45.3 toolz-1.0.0 typer-0.15.1 types-requests-2.32.0.20250306 typing_extensions-4.12.2 urllib3-2.3.0 uvicorn-0.34.0 uvloop-0.21.0 watchfiles-1.0.4 web3-7.8.0 websockets-13.1 yarl-1.18.3
#9 22.62 WARNING: Running pip as the 'root' user can result in broken permissions and conflicting behaviour with the system package manager. It is recommended to use a virtual environment instead: https://pip.pypa.io/warnings/venv
#9 22.82 
#9 22.82 [notice] A new release of pip is available: 23.0.1 -> 25.1.1
#9 22.82 [notice] To update, run: pip install --upgrade pip
#9 DONE 23.9s

#10 exporting to image
#10 exporting layers
#10 exporting layers 1.1s done
#10 writing image sha256:2c591a2e69e642c5481dce83220b7c2e3bd3f9c3a49a82bd17f43914ba31707c done
#10 naming to docker.io/jistro/my-app:latest done
#10 DONE 1.1s

What's Next?
  View a summary of image vulnerabilities and recommendations → docker scout quickview
